Using pre-set license
Built from '2020.3/staging' branch; Version is '2020.3.11f1 (99c7afb366b3) revision 10078127'; Using compiler version '192528614'; Build Type 'Release'
OS: 'Windows 10 Home; OS build 19042.1052; Version 2009; 64bit' Language: 'en' Physical Memory: 16293 MB
BatchMode: 1, IsHumanControllingUs: 0, StartBugReporterOnCrash: 0, Is64bit: 1, IsPro: 0

 COMMAND LINE ARGUMENTS:
C:\Program Files\Unity\Hub\Editor\2020.3.11f1\Editor\Unity.exe
-adb2
-batchMode
-noUpm
-name
AssetImportWorker0
-projectPath
C:/Users/sergi/OneDrive/Universidad/Clases Virtuales/5. Ciclo 2-2021/6. Programacion de Video Juegos/2. Segundo Parcial/Roll a Ball (Final)
-logFile
Logs/AssetImportWorker0.log
-srvPort
57552
Successfully changed project path to: C:/Users/sergi/OneDrive/Universidad/Clases Virtuales/5. Ciclo 2-2021/6. Programacion de Video Juegos/2. Segundo Parcial/Roll a Ball (Final)
C:/Users/sergi/OneDrive/Universidad/Clases Virtuales/5. Ciclo 2-2021/6. Programacion de Video Juegos/2. Segundo Parcial/Roll a Ball (Final)
Using Asset Import Pipeline V2.
Refreshing native plugins compatible for Editor in 60.82 ms, found 2 plugins.
Preloading 0 native plugins for Editor in 0.00 ms.
Initialize engine version: 2020.3.11f1 (99c7afb366b3)
[Subsystems] Discovering subsystems at path C:/Program Files/Unity/Hub/Editor/2020.3.11f1/Editor/Data/Resources/UnitySubsystems
[Subsystems] Discovering subsystems at path C:/Users/sergi/OneDrive/Universidad/Clases Virtuales/5. Ciclo 2-2021/6. Programacion de Video Juegos/2. Segundo Parcial/Roll a Ball (Final)/Assets
GfxDevice: creating device client; threaded=0
Direct3D:
    Version:  Direct3D 11.0 [level 11.1]
    Renderer: NVIDIA GeForce MX150 (ID=0x1d10)
    Vendor:   
    VRAM:     1983 MB
    Driver:   27.21.14.6089
Initialize mono
Mono path[0] = 'C:/Program Files/Unity/Hub/Editor/2020.3.11f1/Editor/Data/Managed'
Mono path[1] = 'C:/Program Files/Unity/Hub/Editor/2020.3.11f1/Editor/Data/MonoBleedingEdge/lib/mono/unityjit'
Mono config path = 'C:/Program Files/Unity/Hub/Editor/2020.3.11f1/Editor/Data/MonoBleedingEdge/etc'
Using monoOptions --debugger-agent=transport=dt_socket,embedding=1,server=y,suspend=n,address=127.0.0.1:56064
Begin MonoManager ReloadAssembly
Registering precompiled unity dll's ...
Register platform support module: C:/Program Files/Unity/Hub/Editor/2020.3.11f1/Editor/Data/PlaybackEngines/WebGLSupport/UnityEditor.WebGL.Extensions.dll
Register platform support module: C:/Program Files/Unity/Hub/Editor/2020.3.11f1/Editor/Data/PlaybackEngines/WindowsStandaloneSupport/UnityEditor.WindowsStandalone.Extensions.dll
Registered in 0.006582 seconds.
Native extension for WindowsStandalone target not found
Native extension for WebGL target not found
Refreshing native plugins compatible for Editor in 57.21 ms, found 2 plugins.
Preloading 0 native plugins for Editor in 0.00 ms.
Mono: successfully reloaded assembly
- Completed reload, in  3.042 seconds
Platform modules already initialized, skipping
Registering precompiled user dll's ...
Registered in 0.012226 seconds.
Begin MonoManager ReloadAssembly
Native extension for WindowsStandalone target not found
Native extension for WebGL target not found
Refreshing native plugins compatible for Editor in 0.56 ms, found 2 plugins.
Preloading 0 native plugins for Editor in 0.00 ms.
Mono: successfully reloaded assembly
- Completed reload, in  2.415 seconds
Platform modules already initialized, skipping
========================================================================
Worker process is ready to serve import requests
Launched and connected shader compiler UnityShaderCompiler.exe after 0.13 seconds
Refreshing native plugins compatible for Editor in 0.49 ms, found 2 plugins.
Preloading 0 native plugins for Editor in 0.00 ms.
Unloading 1389 Unused Serialized files (Serialized files now loaded: 0)
System memory in use before: 65.4 MB.
System memory in use after: 65.4 MB.

Unloading 19 unused Assets to reduce memory usage. Loaded Objects now: 1822.
Total: 3.428500 ms (FindLiveObjects: 0.266100 ms CreateObjectMapping: 0.159800 ms MarkObjects: 2.843500 ms  DeleteObjects: 0.156700 ms)

========================================================================
Received Import Request.
  path: Assets/Materiales/Oro.mat
  artifactKey: Guid(489f59189d301da4fa892757d39a0c21) Importer(815301076,1909f56bfc062723c751e8b465ee728b)
Start importing Assets/Materiales/Oro.mat using Guid(489f59189d301da4fa892757d39a0c21) Importer(815301076,1909f56bfc062723c751e8b465ee728b)  -> (artifact id: 'c2c3256fd4403d3aff86974dcb41fd85') in 0.821070 seconds
  Import took 0.833386 seconds .

========================================================================
Received Prepare
Registering precompiled user dll's ...
Registered in 0.011880 seconds.
Begin MonoManager ReloadAssembly
Native extension for WindowsStandalone target not found
Native extension for WebGL target not found
Refreshing native plugins compatible for Editor in 0.52 ms, found 2 plugins.
Preloading 0 native plugins for Editor in 0.00 ms.
Mono: successfully reloaded assembly
- Completed reload, in  2.230 seconds
Platform modules already initialized, skipping
Refreshing native plugins compatible for Editor in 1.00 ms, found 2 plugins.
Preloading 0 native plugins for Editor in 0.00 ms.
Unloading 1384 Unused Serialized files (Serialized files now loaded: 0)
System memory in use before: 68.6 MB.
System memory in use after: 68.7 MB.

Unloading 14 unused Assets to reduce memory usage. Loaded Objects now: 1865.
Total: 3.497000 ms (FindLiveObjects: 0.248900 ms CreateObjectMapping: 0.078800 ms MarkObjects: 3.061500 ms  DeleteObjects: 0.105500 ms)

========================================================================
Received Prepare
Registering precompiled user dll's ...
Registered in 0.011707 seconds.
Begin MonoManager ReloadAssembly
Native extension for WindowsStandalone target not found
Native extension for WebGL target not found
Refreshing native plugins compatible for Editor in 0.55 ms, found 2 plugins.
Preloading 0 native plugins for Editor in 0.00 ms.
Mono: successfully reloaded assembly
- Completed reload, in  2.126 seconds
Platform modules already initialized, skipping
Refreshing native plugins compatible for Editor in 0.52 ms, found 2 plugins.
Preloading 0 native plugins for Editor in 0.00 ms.
Unloading 1384 Unused Serialized files (Serialized files now loaded: 0)
System memory in use before: 68.7 MB.
System memory in use after: 68.7 MB.

Unloading 14 unused Assets to reduce memory usage. Loaded Objects now: 1868.
Total: 3.942300 ms (FindLiveObjects: 0.330700 ms CreateObjectMapping: 0.093900 ms MarkObjects: 3.399700 ms  DeleteObjects: 0.115800 ms)

========================================================================
Received Prepare
Registering precompiled user dll's ...
Registered in 0.012370 seconds.
Begin MonoManager ReloadAssembly
Native extension for WindowsStandalone target not found
Native extension for WebGL target not found
Refreshing native plugins compatible for Editor in 0.52 ms, found 2 plugins.
Preloading 0 native plugins for Editor in 0.00 ms.
Mono: successfully reloaded assembly
- Completed reload, in  2.403 seconds
Platform modules already initialized, skipping
Refreshing native plugins compatible for Editor in 0.53 ms, found 2 plugins.
Preloading 0 native plugins for Editor in 0.00 ms.
Unloading 1384 Unused Serialized files (Serialized files now loaded: 0)
System memory in use before: 68.7 MB.
System memory in use after: 68.8 MB.

Unloading 14 unused Assets to reduce memory usage. Loaded Objects now: 1871.
Total: 3.606600 ms (FindLiveObjects: 0.305000 ms CreateObjectMapping: 0.120900 ms MarkObjects: 3.077800 ms  DeleteObjects: 0.100800 ms)

========================================================================
Received Prepare
Registering precompiled user dll's ...
Registered in 0.013218 seconds.
Begin MonoManager ReloadAssembly
Native extension for WindowsStandalone target not found
Native extension for WebGL target not found
Refreshing native plugins compatible for Editor in 0.50 ms, found 2 plugins.
Preloading 0 native plugins for Editor in 0.00 ms.
Mono: successfully reloaded assembly
- Completed reload, in  1.960 seconds
Platform modules already initialized, skipping
Refreshing native plugins compatible for Editor in 0.50 ms, found 2 plugins.
Preloading 0 native plugins for Editor in 0.00 ms.
Unloading 1384 Unused Serialized files (Serialized files now loaded: 0)
System memory in use before: 68.7 MB.
System memory in use after: 68.8 MB.

Unloading 14 unused Assets to reduce memory usage. Loaded Objects now: 1874.
Total: 3.673900 ms (FindLiveObjects: 0.292300 ms CreateObjectMapping: 0.093000 ms MarkObjects: 3.193600 ms  DeleteObjects: 0.092900 ms)

========================================================================
Received Import Request.
  Time since last request: 595.845699 seconds.
  path: Assets/Prefabs/Coleccionable.prefab
  artifactKey: Guid(12e3df0f70c58494da9fb0065f55b5bb) Importer(815301076,1909f56bfc062723c751e8b465ee728b)
Start importing Assets/Prefabs/Coleccionable.prefab using Guid(12e3df0f70c58494da9fb0065f55b5bb) Importer(815301076,1909f56bfc062723c751e8b465ee728b)  -> (artifact id: '72471c0060b96b92356fddf5e2af1179') in 0.180205 seconds
  Import took 0.192381 seconds .

========================================================================
Received Import Request.
  Time since last request: 0.003977 seconds.
  path: Assets/Prefabs/Coleccionable.prefab
  artifactKey: Guid(12e3df0f70c58494da9fb0065f55b5bb) Importer(815301076,1909f56bfc062723c751e8b465ee728b)
Start importing Assets/Prefabs/Coleccionable.prefab using Guid(12e3df0f70c58494da9fb0065f55b5bb) Importer(815301076,1909f56bfc062723c751e8b465ee728b)  -> (artifact id: '72471c0060b96b92356fddf5e2af1179') in 0.026698 seconds
  Import took 0.038342 seconds .

========================================================================
Received Prepare
Registering precompiled user dll's ...
Registered in 0.012911 seconds.
Begin MonoManager ReloadAssembly
Native extension for WindowsStandalone target not found
Native extension for WebGL target not found
Refreshing native plugins compatible for Editor in 0.53 ms, found 2 plugins.
Preloading 0 native plugins for Editor in 0.00 ms.
Mono: successfully reloaded assembly
- Completed reload, in  2.195 seconds
Platform modules already initialized, skipping
Refreshing native plugins compatible for Editor in 0.51 ms, found 2 plugins.
Preloading 0 native plugins for Editor in 0.00 ms.
Unloading 1384 Unused Serialized files (Serialized files now loaded: 0)
System memory in use before: 68.7 MB.
System memory in use after: 68.8 MB.

Unloading 14 unused Assets to reduce memory usage. Loaded Objects now: 1879.
Total: 3.887400 ms (FindLiveObjects: 0.484700 ms CreateObjectMapping: 0.117000 ms MarkObjects: 3.184400 ms  DeleteObjects: 0.098800 ms)

========================================================================
Received Import Request.
  Time since last request: 222.623170 seconds.
  path: Assets/Prefabs/Coleccionable.prefab
  artifactKey: Guid(12e3df0f70c58494da9fb0065f55b5bb) Importer(815301076,1909f56bfc062723c751e8b465ee728b)
Start importing Assets/Prefabs/Coleccionable.prefab using Guid(12e3df0f70c58494da9fb0065f55b5bb) Importer(815301076,1909f56bfc062723c751e8b465ee728b)  -> (artifact id: 'eb8d8ababdb49d5c227be55c1db65658') in 0.064188 seconds
  Import took 0.069255 seconds .

========================================================================
Received Import Request.
  Time since last request: 50.620440 seconds.
  path: ProjectSettings/TagManager.asset
  artifactKey: Guid(00000000000000003000000000000000) Importer(815301076,1909f56bfc062723c751e8b465ee728b)
Start importing ProjectSettings/TagManager.asset using Guid(00000000000000003000000000000000) Importer(815301076,1909f56bfc062723c751e8b465ee728b)  -> (artifact id: 'ce6a35c3cddc746e7501c0bd0ed6d4ce') in 0.022964 seconds
  Import took 0.032624 seconds .

========================================================================
Received Import Request.
  Time since last request: 0.007247 seconds.
  path: ProjectSettings/TagManager.asset
  artifactKey: Guid(00000000000000003000000000000000) Importer(815301076,1909f56bfc062723c751e8b465ee728b)
Start importing ProjectSettings/TagManager.asset using Guid(00000000000000003000000000000000) Importer(815301076,1909f56bfc062723c751e8b465ee728b)  -> (artifact id: 'ce6a35c3cddc746e7501c0bd0ed6d4ce') in 0.011889 seconds
  Import took 0.023645 seconds .

========================================================================
Received Prepare
Registering precompiled user dll's ...
Registered in 0.005600 seconds.
Begin MonoManager ReloadAssembly
Native extension for WindowsStandalone target not found
Native extension for WebGL target not found
Refreshing native plugins compatible for Editor in 0.56 ms, found 2 plugins.
Preloading 0 native plugins for Editor in 0.00 ms.
Mono: successfully reloaded assembly
- Completed reload, in  2.097 seconds
Platform modules already initialized, skipping
Refreshing native plugins compatible for Editor in 0.52 ms, found 2 plugins.
Preloading 0 native plugins for Editor in 0.00 ms.
Unloading 1384 Unused Serialized files (Serialized files now loaded: 0)
System memory in use before: 68.7 MB.
System memory in use after: 68.8 MB.

Unloading 16 unused Assets to reduce memory usage. Loaded Objects now: 1883.
Total: 3.423000 ms (FindLiveObjects: 0.270800 ms CreateObjectMapping: 0.078400 ms MarkObjects: 2.977400 ms  DeleteObjects: 0.094200 ms)

========================================================================
Received Prepare
Registering precompiled user dll's ...
Registered in 0.014382 seconds.
Begin MonoManager ReloadAssembly
Native extension for WindowsStandalone target not found
Native extension for WebGL target not found
Refreshing native plugins compatible for Editor in 0.60 ms, found 2 plugins.
Preloading 0 native plugins for Editor in 0.00 ms.
Mono: successfully reloaded assembly
- Completed reload, in  2.173 seconds
Platform modules already initialized, skipping
Refreshing native plugins compatible for Editor in 0.92 ms, found 2 plugins.
Preloading 0 native plugins for Editor in 0.00 ms.
Unloading 1384 Unused Serialized files (Serialized files now loaded: 0)
System memory in use before: 68.7 MB.
System memory in use after: 68.8 MB.

Unloading 14 unused Assets to reduce memory usage. Loaded Objects now: 1886.
Total: 3.532800 ms (FindLiveObjects: 0.315600 ms CreateObjectMapping: 0.082500 ms MarkObjects: 3.039600 ms  DeleteObjects: 0.092700 ms)

========================================================================
Received Import Request.
  Time since last request: 297.016255 seconds.
  path: Assets/Prefabs/Coleccionable.prefab
  artifactKey: Guid(12e3df0f70c58494da9fb0065f55b5bb) Importer(815301076,1909f56bfc062723c751e8b465ee728b)
Start importing Assets/Prefabs/Coleccionable.prefab using Guid(12e3df0f70c58494da9fb0065f55b5bb) Importer(815301076,1909f56bfc062723c751e8b465ee728b)  -> (artifact id: '262464386892b5034735121063bd6a89') in 0.123677 seconds
  Import took 0.133067 seconds .

========================================================================
Received Import Request.
  Time since last request: 7.352804 seconds.
  path: Assets/Prefabs/Coleccionable.prefab
  artifactKey: Guid(12e3df0f70c58494da9fb0065f55b5bb) Importer(815301076,1909f56bfc062723c751e8b465ee728b)
Start importing Assets/Prefabs/Coleccionable.prefab using Guid(12e3df0f70c58494da9fb0065f55b5bb) Importer(815301076,1909f56bfc062723c751e8b465ee728b)  -> (artifact id: '0890d1f29dbc5ecbba52cc6d9523da11') in 0.026058 seconds
  Import took 0.034238 seconds .

========================================================================
Received Import Request.
  Time since last request: 0.021684 seconds.
  path: Assets/Prefabs/Coleccionable.prefab
  artifactKey: Guid(12e3df0f70c58494da9fb0065f55b5bb) Importer(815301076,1909f56bfc062723c751e8b465ee728b)
Start importing Assets/Prefabs/Coleccionable.prefab using Guid(12e3df0f70c58494da9fb0065f55b5bb) Importer(815301076,1909f56bfc062723c751e8b465ee728b)  -> (artifact id: '0890d1f29dbc5ecbba52cc6d9523da11') in 0.024758 seconds
  Import took 0.037111 seconds .

========================================================================
Received Import Request.
  Time since last request: 7.168206 seconds.
  path: Assets/Prefabs/Coleccionable.prefab
  artifactKey: Guid(12e3df0f70c58494da9fb0065f55b5bb) Importer(815301076,1909f56bfc062723c751e8b465ee728b)
Start importing Assets/Prefabs/Coleccionable.prefab using Guid(12e3df0f70c58494da9fb0065f55b5bb) Importer(815301076,1909f56bfc062723c751e8b465ee728b)  -> (artifact id: '02938e4f5944d4b253f9031c349205af') in 0.022769 seconds
  Import took 0.029551 seconds .

========================================================================
Received Import Request.
  Time since last request: 0.032642 seconds.
  path: Assets/Prefabs/Coleccionable.prefab
  artifactKey: Guid(12e3df0f70c58494da9fb0065f55b5bb) Importer(815301076,1909f56bfc062723c751e8b465ee728b)
Start importing Assets/Prefabs/Coleccionable.prefab using Guid(12e3df0f70c58494da9fb0065f55b5bb) Importer(815301076,1909f56bfc062723c751e8b465ee728b)  -> (artifact id: '02938e4f5944d4b253f9031c349205af') in 0.027653 seconds
  Import took 0.033816 seconds .

========================================================================
Received Prepare
Registering precompiled user dll's ...
Registered in 0.012776 seconds.
Begin MonoManager ReloadAssembly
Native extension for WindowsStandalone target not found
Native extension for WebGL target not found
Refreshing native plugins compatible for Editor in 0.54 ms, found 2 plugins.
Preloading 0 native plugins for Editor in 0.00 ms.
Mono: successfully reloaded assembly
- Completed reload, in  2.138 seconds
Platform modules already initialized, skipping
Refreshing native plugins compatible for Editor in 0.52 ms, found 2 plugins.
Preloading 0 native plugins for Editor in 0.00 ms.
Unloading 1384 Unused Serialized files (Serialized files now loaded: 0)
System memory in use before: 68.8 MB.
System memory in use after: 68.8 MB.

Unloading 14 unused Assets to reduce memory usage. Loaded Objects now: 1890.
Total: 4.294100 ms (FindLiveObjects: 0.242800 ms CreateObjectMapping: 0.077100 ms MarkObjects: 3.871300 ms  DeleteObjects: 0.100100 ms)

========================================================================
Received Import Request.
  Time since last request: 38.765203 seconds.
  path: Assets/Prefabs/Coleccionable.prefab
  artifactKey: Guid(12e3df0f70c58494da9fb0065f55b5bb) Importer(815301076,1909f56bfc062723c751e8b465ee728b)
Start importing Assets/Prefabs/Coleccionable.prefab using Guid(12e3df0f70c58494da9fb0065f55b5bb) Importer(815301076,1909f56bfc062723c751e8b465ee728b)  -> (artifact id: '2fce5accd26fb56266cc058078801f24') in 0.116268 seconds
  Import took 0.125953 seconds .

========================================================================
Received Prepare
Registering precompiled user dll's ...
Registered in 0.013455 seconds.
Begin MonoManager ReloadAssembly
Native extension for WindowsStandalone target not found
Native extension for WebGL target not found
Refreshing native plugins compatible for Editor in 0.52 ms, found 2 plugins.
Preloading 0 native plugins for Editor in 0.00 ms.
Mono: successfully reloaded assembly
- Completed reload, in  2.274 seconds
Platform modules already initialized, skipping
Refreshing native plugins compatible for Editor in 0.51 ms, found 2 plugins.
Preloading 0 native plugins for Editor in 0.00 ms.
Unloading 1384 Unused Serialized files (Serialized files now loaded: 0)
System memory in use before: 68.8 MB.
System memory in use after: 68.9 MB.

Unloading 14 unused Assets to reduce memory usage. Loaded Objects now: 1894.
Total: 3.510400 ms (FindLiveObjects: 0.299500 ms CreateObjectMapping: 0.091100 ms MarkObjects: 2.912400 ms  DeleteObjects: 0.204800 ms)

========================================================================
Received Prepare
Registering precompiled user dll's ...
Registered in 0.005298 seconds.
Begin MonoManager ReloadAssembly
Native extension for WindowsStandalone target not found
Native extension for WebGL target not found
Refreshing native plugins compatible for Editor in 0.30 ms, found 2 plugins.
Preloading 0 native plugins for Editor in 0.00 ms.
Mono: successfully reloaded assembly
- Completed reload, in  1.235 seconds
Platform modules already initialized, skipping
Refreshing native plugins compatible for Editor in 0.54 ms, found 2 plugins.
Preloading 0 native plugins for Editor in 0.00 ms.
Unloading 1384 Unused Serialized files (Serialized files now loaded: 0)
System memory in use before: 68.8 MB.
System memory in use after: 68.9 MB.

Unloading 14 unused Assets to reduce memory usage. Loaded Objects now: 1897.
Total: 3.484100 ms (FindLiveObjects: 0.271600 ms CreateObjectMapping: 0.087700 ms MarkObjects: 3.032600 ms  DeleteObjects: 0.090200 ms)

========================================================================
Received Prepare
Registering precompiled user dll's ...
Registered in 0.014297 seconds.
Begin MonoManager ReloadAssembly
Native extension for WindowsStandalone target not found
Native extension for WebGL target not found
Refreshing native plugins compatible for Editor in 0.53 ms, found 2 plugins.
Preloading 0 native plugins for Editor in 0.00 ms.
Mono: successfully reloaded assembly
- Completed reload, in  2.090 seconds
Platform modules already initialized, skipping
Refreshing native plugins compatible for Editor in 0.51 ms, found 2 plugins.
Preloading 0 native plugins for Editor in 0.00 ms.
Unloading 1384 Unused Serialized files (Serialized files now loaded: 0)
System memory in use before: 68.8 MB.
System memory in use after: 68.9 MB.

Unloading 14 unused Assets to reduce memory usage. Loaded Objects now: 1900.
Total: 3.819700 ms (FindLiveObjects: 0.291800 ms CreateObjectMapping: 0.089000 ms MarkObjects: 3.333500 ms  DeleteObjects: 0.103200 ms)

========================================================================
Received Prepare
Registering precompiled user dll's ...
Registered in 0.011898 seconds.
Begin MonoManager ReloadAssembly
Native extension for WindowsStandalone target not found
Native extension for WebGL target not found
Refreshing native plugins compatible for Editor in 0.56 ms, found 2 plugins.
Preloading 0 native plugins for Editor in 0.00 ms.
Mono: successfully reloaded assembly
- Completed reload, in  2.108 seconds
Platform modules already initialized, skipping
Refreshing native plugins compatible for Editor in 0.53 ms, found 2 plugins.
Preloading 0 native plugins for Editor in 0.00 ms.
Unloading 1384 Unused Serialized files (Serialized files now loaded: 0)
System memory in use before: 68.8 MB.
System memory in use after: 68.9 MB.

Unloading 14 unused Assets to reduce memory usage. Loaded Objects now: 1903.
Total: 3.742800 ms (FindLiveObjects: 0.282400 ms CreateObjectMapping: 0.088700 ms MarkObjects: 3.270300 ms  DeleteObjects: 0.097000 ms)

========================================================================
Received Import Request.
  Time since last request: 1200.299916 seconds.
  path: Assets/Prefabs/Moneda.prefab
  artifactKey: Guid(4013fe1ea69ea7f48a6d0130eb5d0dbd) Importer(815301076,1909f56bfc062723c751e8b465ee728b)
Start importing Assets/Prefabs/Moneda.prefab using Guid(4013fe1ea69ea7f48a6d0130eb5d0dbd) Importer(815301076,1909f56bfc062723c751e8b465ee728b)  -> (artifact id: '01edd503b62e6aa20ba569bdde7c0308') in 0.167713 seconds
  Import took 0.181929 seconds .

========================================================================
Received Import Request.
  Time since last request: 0.003914 seconds.
  path: Assets/Prefabs/Moneda.prefab
  artifactKey: Guid(4013fe1ea69ea7f48a6d0130eb5d0dbd) Importer(815301076,1909f56bfc062723c751e8b465ee728b)
Start importing Assets/Prefabs/Moneda.prefab using Guid(4013fe1ea69ea7f48a6d0130eb5d0dbd) Importer(815301076,1909f56bfc062723c751e8b465ee728b)  -> (artifact id: '01edd503b62e6aa20ba569bdde7c0308') in 0.024576 seconds
  Import took 0.035889 seconds .

========================================================================
Received Prepare
Registering precompiled user dll's ...
Registered in 0.012280 seconds.
Begin MonoManager ReloadAssembly
Native extension for WindowsStandalone target not found
Native extension for WebGL target not found
Refreshing native plugins compatible for Editor in 0.81 ms, found 2 plugins.
Preloading 0 native plugins for Editor in 0.00 ms.
Mono: successfully reloaded assembly
- Completed reload, in  2.465 seconds
Platform modules already initialized, skipping
Refreshing native plugins compatible for Editor in 1.01 ms, found 2 plugins.
Preloading 0 native plugins for Editor in 0.00 ms.
Unloading 1384 Unused Serialized files (Serialized files now loaded: 0)
System memory in use before: 68.8 MB.
System memory in use after: 68.9 MB.

Unloading 14 unused Assets to reduce memory usage. Loaded Objects now: 1908.
Total: 3.726400 ms (FindLiveObjects: 0.250500 ms CreateObjectMapping: 0.126600 ms MarkObjects: 3.242300 ms  DeleteObjects: 0.103300 ms)

========================================================================
Received Import Request.
  Time since last request: 427.049839 seconds.
  path: Assets/Prefabs/Moneda.prefab
  artifactKey: Guid(4013fe1ea69ea7f48a6d0130eb5d0dbd) Importer(815301076,1909f56bfc062723c751e8b465ee728b)
Start importing Assets/Prefabs/Moneda.prefab using Guid(4013fe1ea69ea7f48a6d0130eb5d0dbd) Importer(815301076,1909f56bfc062723c751e8b465ee728b)  -> (artifact id: 'f0305212c0f7e290db2768e47f7b9fd5') in 0.141863 seconds
  Import took 0.151106 seconds .

========================================================================
Received Import Request.
  Time since last request: 105.850051 seconds.
  path: Assets/Prefabs/Moneda.prefab
  artifactKey: Guid(4013fe1ea69ea7f48a6d0130eb5d0dbd) Importer(815301076,1909f56bfc062723c751e8b465ee728b)
Start importing Assets/Prefabs/Moneda.prefab using Guid(4013fe1ea69ea7f48a6d0130eb5d0dbd) Importer(815301076,1909f56bfc062723c751e8b465ee728b)  -> (artifact id: '7beeb41b4c679c27093f8522686a7c79') in 0.039214 seconds
  Import took 0.050887 seconds .

========================================================================
Received Import Request.
  Time since last request: 18.502202 seconds.
  path: Assets/Prefabs/Moneda.prefab
  artifactKey: Guid(4013fe1ea69ea7f48a6d0130eb5d0dbd) Importer(815301076,1909f56bfc062723c751e8b465ee728b)
Start importing Assets/Prefabs/Moneda.prefab using Guid(4013fe1ea69ea7f48a6d0130eb5d0dbd) Importer(815301076,1909f56bfc062723c751e8b465ee728b)  -> (artifact id: '9980545c9bf2af3120060a749fffaa0e') in 0.023670 seconds
  Import took 0.034262 seconds .

========================================================================
Received Prepare
Registering precompiled user dll's ...
Registered in 0.017378 seconds.
Begin MonoManager ReloadAssembly
Native extension for WindowsStandalone target not found
Native extension for WebGL target not found
Refreshing native plugins compatible for Editor in 0.54 ms, found 2 plugins.
Preloading 0 native plugins for Editor in 0.00 ms.
Mono: successfully reloaded assembly
- Completed reload, in  2.168 seconds
Platform modules already initialized, skipping
Refreshing native plugins compatible for Editor in 0.50 ms, found 2 plugins.
Preloading 0 native plugins for Editor in 0.00 ms.
Unloading 1384 Unused Serialized files (Serialized files now loaded: 0)
System memory in use before: 68.8 MB.
System memory in use after: 68.9 MB.

Unloading 14 unused Assets to reduce memory usage. Loaded Objects now: 1912.
Total: 3.834300 ms (FindLiveObjects: 0.310500 ms CreateObjectMapping: 0.089100 ms MarkObjects: 3.324800 ms  DeleteObjects: 0.107400 ms)

========================================================================
Received Prepare
Registering precompiled user dll's ...
Registered in 0.010597 seconds.
Begin MonoManager ReloadAssembly
Native extension for WindowsStandalone target not found
Native extension for WebGL target not found
Refreshing native plugins compatible for Editor in 0.55 ms, found 2 plugins.
Preloading 0 native plugins for Editor in 0.00 ms.
Mono: successfully reloaded assembly
- Completed reload, in  2.352 seconds
Platform modules already initialized, skipping
Refreshing native plugins compatible for Editor in 0.52 ms, found 2 plugins.
Preloading 0 native plugins for Editor in 0.00 ms.
Unloading 1384 Unused Serialized files (Serialized files now loaded: 0)
System memory in use before: 68.8 MB.
System memory in use after: 68.9 MB.

Unloading 14 unused Assets to reduce memory usage. Loaded Objects now: 1915.
Total: 5.220600 ms (FindLiveObjects: 0.306500 ms CreateObjectMapping: 0.091300 ms MarkObjects: 4.718500 ms  DeleteObjects: 0.101600 ms)

========================================================================
Received Import Request.
  Time since last request: 99.401627 seconds.
  path: Assets/Prefabs/Moneda.prefab
  artifactKey: Guid(4013fe1ea69ea7f48a6d0130eb5d0dbd) Importer(815301076,1909f56bfc062723c751e8b465ee728b)
Start importing Assets/Prefabs/Moneda.prefab using Guid(4013fe1ea69ea7f48a6d0130eb5d0dbd) Importer(815301076,1909f56bfc062723c751e8b465ee728b)  -> (artifact id: '852fc98d2fbcf78ebdd08ccef3f75dbd') in 0.126145 seconds
  Import took 0.134566 seconds .

========================================================================
Received Import Request.
  Time since last request: 6.193595 seconds.
  path: Assets/Prefabs/Moneda.prefab
  artifactKey: Guid(4013fe1ea69ea7f48a6d0130eb5d0dbd) Importer(815301076,1909f56bfc062723c751e8b465ee728b)
Start importing Assets/Prefabs/Moneda.prefab using Guid(4013fe1ea69ea7f48a6d0130eb5d0dbd) Importer(815301076,1909f56bfc062723c751e8b465ee728b)  -> (artifact id: '47ea45be8ebe589d452ee92033cdedf5') in 0.025356 seconds
  Import took 0.035785 seconds .

========================================================================
Received Import Request.
  Time since last request: 0.027181 seconds.
  path: Assets/Prefabs/Moneda.prefab
  artifactKey: Guid(4013fe1ea69ea7f48a6d0130eb5d0dbd) Importer(815301076,1909f56bfc062723c751e8b465ee728b)
Start importing Assets/Prefabs/Moneda.prefab using Guid(4013fe1ea69ea7f48a6d0130eb5d0dbd) Importer(815301076,1909f56bfc062723c751e8b465ee728b)  -> (artifact id: '47ea45be8ebe589d452ee92033cdedf5') in 0.041285 seconds
  Import took 0.051026 seconds .

========================================================================
Received Import Request.
  Time since last request: 0.437855 seconds.
  path: Assets/Prefabs/Moneda.prefab
  artifactKey: Guid(4013fe1ea69ea7f48a6d0130eb5d0dbd) Importer(815301076,1909f56bfc062723c751e8b465ee728b)
Start importing Assets/Prefabs/Moneda.prefab using Guid(4013fe1ea69ea7f48a6d0130eb5d0dbd) Importer(815301076,1909f56bfc062723c751e8b465ee728b)  -> (artifact id: '0efbbd9b64660952e63151b43e47729b') in 0.017974 seconds
  Import took 0.021887 seconds .

========================================================================
Received Import Request.
  Time since last request: 0.008123 seconds.
  path: Assets/Prefabs/Moneda.prefab
  artifactKey: Guid(4013fe1ea69ea7f48a6d0130eb5d0dbd) Importer(815301076,1909f56bfc062723c751e8b465ee728b)
Start importing Assets/Prefabs/Moneda.prefab using Guid(4013fe1ea69ea7f48a6d0130eb5d0dbd) Importer(815301076,1909f56bfc062723c751e8b465ee728b)  -> (artifact id: '0efbbd9b64660952e63151b43e47729b') in 0.013382 seconds
  Import took 0.017800 seconds .

========================================================================
Received Import Request.
  Time since last request: 149.377254 seconds.
  path: Assets/Materiales/Barreras.mat
  artifactKey: Guid(2d30e8c1ce9b02348a4f9ee69585fd55) Importer(815301076,1909f56bfc062723c751e8b465ee728b)
Start importing Assets/Materiales/Barreras.mat using Guid(2d30e8c1ce9b02348a4f9ee69585fd55) Importer(815301076,1909f56bfc062723c751e8b465ee728b)  -> (artifact id: 'fd8233e9ad2e92108cc98d1fe7e10738') in 0.075765 seconds
  Import took 0.086384 seconds .

========================================================================
Received Prepare
Registering precompiled user dll's ...
Registered in 0.011161 seconds.
Begin MonoManager ReloadAssembly
Native extension for WindowsStandalone target not found
Native extension for WebGL target not found
Refreshing native plugins compatible for Editor in 0.52 ms, found 2 plugins.
Preloading 0 native plugins for Editor in 0.00 ms.
Mono: successfully reloaded assembly
- Completed reload, in  2.130 seconds
Platform modules already initialized, skipping
Refreshing native plugins compatible for Editor in 0.50 ms, found 2 plugins.
Preloading 0 native plugins for Editor in 0.00 ms.
Unloading 1384 Unused Serialized files (Serialized files now loaded: 0)
System memory in use before: 68.8 MB.
System memory in use after: 68.9 MB.

Unloading 14 unused Assets to reduce memory usage. Loaded Objects now: 1919.
Total: 3.609800 ms (FindLiveObjects: 0.256300 ms CreateObjectMapping: 0.084700 ms MarkObjects: 3.148000 ms  DeleteObjects: 0.118200 ms)

========================================================================
Received Import Request.
  Time since last request: 217.321193 seconds.
  path: Assets/Materiales/Barreras.mat
  artifactKey: Guid(2d30e8c1ce9b02348a4f9ee69585fd55) Importer(815301076,1909f56bfc062723c751e8b465ee728b)
Start importing Assets/Materiales/Barreras.mat using Guid(2d30e8c1ce9b02348a4f9ee69585fd55) Importer(815301076,1909f56bfc062723c751e8b465ee728b)  -> (artifact id: '8a9f36d590fa2ff802e9908c0353450a') in 0.143003 seconds
  Import took 0.152201 seconds .

========================================================================
Received Import Request.
  Time since last request: 2.249584 seconds.
  path: Assets/Materiales/Barreras.mat
  artifactKey: Guid(2d30e8c1ce9b02348a4f9ee69585fd55) Importer(815301076,1909f56bfc062723c751e8b465ee728b)
Start importing Assets/Materiales/Barreras.mat using Guid(2d30e8c1ce9b02348a4f9ee69585fd55) Importer(815301076,1909f56bfc062723c751e8b465ee728b)  -> (artifact id: '8a9f36d590fa2ff802e9908c0353450a') in 0.032447 seconds
  Import took 0.041680 seconds .

========================================================================
Received Prepare
Registering precompiled user dll's ...
Registered in 0.015860 seconds.
Begin MonoManager ReloadAssembly
Native extension for WindowsStandalone target not found
Native extension for WebGL target not found
Refreshing native plugins compatible for Editor in 0.53 ms, found 2 plugins.
Preloading 0 native plugins for Editor in 0.00 ms.
Mono: successfully reloaded assembly
- Completed reload, in  2.148 seconds
Platform modules already initialized, skipping
Refreshing native plugins compatible for Editor in 0.63 ms, found 2 plugins.
Preloading 0 native plugins for Editor in 0.00 ms.
Unloading 1384 Unused Serialized files (Serialized files now loaded: 0)
System memory in use before: 68.9 MB.
System memory in use after: 68.9 MB.

Unloading 14 unused Assets to reduce memory usage. Loaded Objects now: 1923.
Total: 3.658700 ms (FindLiveObjects: 0.294700 ms CreateObjectMapping: 0.079900 ms MarkObjects: 3.182200 ms  DeleteObjects: 0.099600 ms)

AssetImportWorkerClient::OnTransportError - code=2 error=End of file
